<?xml version="1.0" encoding="UTF-8" ?>
<testsuite failures="0" time="3.626" errors="0" skipped="0" tests="7" name="org.exoplatform.test.TestBookStore">
  <properties>
[...]
</properties>
  <testcase time="0.177" classname="org.exoplatform.test.TestBookStore" name="testAddAndGetBook"/>
  <testcase time="0.032" classname="org.exoplatform.test.TestBookStore" name="testEditBook"/>
  <testcase time="0.029" classname="org.exoplatform.test.TestBookStore" name="testDeleteBook"/>
  <testcase time="0.098" classname="org.exoplatform.test.TestBookStore" name="testGetAllBooks"/>
  <testcase time="0.094" classname="org.exoplatform.test.TestBookStore" name="testDeleteAllBook"/>
  <testcase time="0.068" classname="org.exoplatform.test.TestBookStore" name="testSeachBook"/>
  <testcase time="0.041" classname="org.exoplatform.test.TestBookStore" name="testIsExistBookName"/>
</testsuite>